
WORLD->Client [10:11:24 07/09/09] packet size: 224 CRYPTED, Flags: 7f ServerSeq: 201 ClientSeq: 5
82 89 f3 25 49 03 02 00 03 08 <x> <y> <z> 00 00 83 28 ff 01 64 01 00 00 
00 00 00 00 00 00 00 00 00 08 41 6e 64 65 72 73 6f 6e 06 54 68 6f 6d 61 73 ff e0 18 40 0c 41 05 
e0 02 04 00 cd 01 00 00 00 01 00 00 00 00 00 00 8f 01 00 02 00 2a 03 02 ff 28 0a 32 00 f0 20 46 
04 00 <lastJumpID> 84 28 <xDest> <yDest> <zDest> 00 ff 
00 00 00 00 00 f7 00 00 00 e7 00 00 00 00 00 28 0a ff 00 31 5e 00 00 00 00 00 00 00 00 00 00 00 
00 00 00 00 00 ff 00 00 00 00 00 00 00 00 00 00 00 00 80 3f 11 00 00 00 4b b1 00 00 71 02 00 00 
3f 00 00 00 00 22 00 00 00 00 00 00 00 05 00 01 00 04 <x> <y> <z> 00 00 
...%I.....Y]|FTK.E.wQ....(..d.............Anderson.Thomas...s....`...................*...(.2.. F
.....(...`P..@.....~.@....%....................(...1^..............................?....K...q...
?...."............Y]|FTK.E.wQ...


WORLD->Client [10:11:25 07/09/09] packet size: 224 CRYPTED, Flags: 7f ServerSeq: 210 ClientSeq: 14
82 9a f3 25 49 03 02 00 03 08 <x> <y> <z> 00 00 83 28 ff 01 64 01 00 00 
00 00 00 00 00 00 00 00 00 08 41 6e 64 65 72 73 6f 6e 06 54 68 6f 6d 61 73 ff e0 18 40 0c 41 05 
e0 02 04 00 cd 01 00 00 00 01 00 00 00 00 00 00 8f 01 00 02 00 2a 03 02 ff 28 0a 32 00 f0 20 46 
04 00 <lastJumpID> 84 28 <xDest> <yDest> <zDest> 00 ff 
00 00 00 00 00 f7 00 00 00 eb 00 00 00 00 00 28 0a ff 00 31 5e 00 00 00 00 00 00 00 00 00 00 00 
00 00 00 00 00 ff 00 00 00 00 00 00 00 00 00 00 00 00 80 3f 11 00 00 00 4b b1 00 00 71 02 00 00 
3f 00 00 00 00 22 00 00 00 00 00 00 00 05 00 01 00 04 <x> <y> <z> 00 00 
...%I........F...F>"Q.3..(..d.............Anderson.Thomas...s....`...................*...(.2.. F
.....(...`P..@.....~.@....%....................(...1^..............................?....K...q...
?...."...............F...F>"Q...


WORLD->Client [10:11:27 07/09/09] packet size: 224 CRYPTED, Flags: 7f ServerSeq: 228 ClientSeq: 256
82 bf f3 25 49 03 02 00 03 08 <x> <y> <z> 00 00 84 28 ff 01 64 01 00 00 
00 00 00 00 00 00 00 00 00 08 41 6e 64 65 72 73 6f 6e 06 54 68 6f 6d 61 73 ff e0 18 40 0c 41 05 
e0 02 04 00 cd 01 00 00 00 01 00 00 00 00 00 00 8f 01 00 02 00 2a 03 02 ff 28 0a 32 00 f0 20 46 
04 00 <lastJumpID> 84 28 <xDest> <yDest> <zDest> 00 ff 
00 00 00 00 00 f7 00 00 00 f2 00 00 00 00 00 28 0a ff 00 31 5e 00 00 00 00 00 00 00 00 00 00 00 
00 00 00 00 00 ff 00 00 00 00 00 00 00 00 00 00 00 00 80 3f 11 00 00 00 4b b1 00 00 71 02 00 00 
3f 00 00 00 00 22 00 00 00 00 00 00 00 00 00 01 00 04 <x> <y> <z> 00 00 
...%I........FsEEFUrP....(..d.............Anderson.Thomas...s....`...................*...(.2.. F
.....(...`P..@.....~.@....%....................(...1^..............................?....K...q...
?...."...............FsEEFUrP...


